<?xml version="1.0" encoding="UTF-8"?>
<testng-results ignored="0" total="2" passed="2" failed="0" skipped="0">
  <reporter-output>
  </reporter-output>
  <suite started-at="2023-01-04T17:37:23 IST" name="Suite" finished-at="2023-01-04T17:37:25 IST" duration-ms="2230">
    <groups>
    </groups>
    <test started-at="2023-01-04T17:37:23 IST" name="ChromeTest" finished-at="2023-01-04T17:37:25 IST" duration-ms="2188">
      <class name="selenium.CrossBrowserTesting">
        <test-method signature="crossBrowser(java.lang.String)[pri:0, instance:selenium.CrossBrowserTesting@4550bb58]" started-at="2023-01-04T17:37:23 IST" name="crossBrowser" finished-at="2023-01-04T17:37:25 IST" duration-ms="2156" status="PASS">
          <params>
            <param index="0">
              <value>
                <![CDATA[chrome]]>
              </value>
            </param>
          </params>
          <reporter-output>
          </reporter-output>
        </test-method> <!-- crossBrowser -->
      </class> <!-- selenium.CrossBrowserTesting -->
    </test> <!-- ChromeTest -->
    <test started-at="2023-01-04T17:37:23 IST" name="EdgeTest" finished-at="2023-01-04T17:37:25 IST" duration-ms="2230">
      <class name="selenium.CrossBrowserTesting">
        <test-method signature="crossBrowser(java.lang.String)[pri:0, instance:selenium.CrossBrowserTesting@2d3379b4]" started-at="2023-01-04T17:37:23 IST" name="crossBrowser" finished-at="2023-01-04T17:37:25 IST" duration-ms="2201" status="PASS">
          <params>
            <param index="0">
              <value>
                <![CDATA[edge]]>
              </value>
            </param>
          </params>
          <reporter-output>
          </reporter-output>
        </test-method> <!-- crossBrowser -->
      </class> <!-- selenium.CrossBrowserTesting -->
    </test> <!-- EdgeTest -->
  </suite> <!-- Suite -->
</testng-results>
