<?xml version="1.0" encoding="UTF-8"?>
<testng-results ignored="0" total="1" passed="1" failed="0" skipped="0">
  <reporter-output>
  </reporter-output>
  <suite started-at="2022-12-19T17:26:37 IST" name="Default suite" finished-at="2022-12-19T17:26:40 IST" duration-ms="3753">
    <groups>
    </groups>
    <test started-at="2022-12-19T17:26:37 IST" name="Default test" finished-at="2022-12-19T17:26:40 IST" duration-ms="3753">
      <class name="TestNGTESTING.TestNGTESTING.Testt">
        <test-method signature="getCall()[pri:0, instance:TestNGTESTING.TestNGTESTING.Testt@7a69b07]" started-at="2022-12-19T17:26:37 IST" name="getCall" finished-at="2022-12-19T17:26:40 IST" duration-ms="3715" status="PASS">
          <reporter-output>
          </reporter-output>
        </test-method> <!-- getCall -->
      </class> <!-- TestNGTESTING.TestNGTESTING.Testt -->
    </test> <!-- Default test -->
  </suite> <!-- Default suite -->
</testng-results>
