<?xml version="1.0" encoding="UTF-8"?>
<!-- Generated by org.testng.reporters.JUnitXMLReporter -->
<testsuite ignored="0" hostname="DESKTOP-A3IOHTC" failures="1" tests="3" name="Test" time="0.069" errors="0" timestamp="2023-01-05T15:21:35 IST">
  <testcase classname="TestNGTutorial.TestNGTutorial.ClassCallsLiseners" name="firstTest" time="0.016"/>
  <testcase classname="TestNGTutorial.TestNGTutorial.ClassCallsLiseners" name="secondTest" time="0.002">
    <failure type="java.lang.AssertionError" message="expected [true] but found [false]">
      <![CDATA[java.lang.AssertionError: expected [true] but found [false]
at TestNGTutorial.TestNGTutorial.ClassCallsLiseners.secondTest(ClassCallsLiseners.java:19)
at java.base/java.util.ArrayList.forEach(ArrayList.java:1511)
... Removed 29 stack frames]]>
    </failure>
  </testcase> <!-- secondTest -->
  <testcase classname="TestNGTutorial.TestNGTutorial.ClassCallsLiseners" name="third" time="0.0">
    <skipped/>
  </testcase> <!-- third -->
</testsuite> <!-- Test -->
